<?xml version="1.0" encoding="UTF-8"?>
<testsuite xmlns:xsi="http://www.w3.org/2001/XMLSchema-instance" xsi:noNamespaceSchemaLocation="https://maven.apache.org/surefire/maven-surefire-plugin/xsd/surefire-test-report.xsd" name="at.fhj.iit.JuiceTest" time="0.006" tests="13" errors="0" skipped="0" failures="0">
  <properties>
    <property name="java.specification.version" value="15"/>
    <property name="sun.cpu.isalist" value="amd64"/>
    <property name="sun.jnu.encoding" value="Cp1252"/>
    <property name="java.class.path" value="C:\Users\danie\Desktop\Campus 02\2. Semester\Konfigurationsmanagement\UE\UE2\Konf_B20_Hollik_Feichtinger_Pock\target\test-classes;C:\Users\danie\Desktop\Campus 02\2. Semester\Konfigurationsmanagement\UE\UE2\Konf_B20_Hollik_Feichtinger_Pock\target\classes;C:\Users\danie\.m2\repository\org\junit\jupiter\junit-jupiter-api\5.6.2\junit-jupiter-api-5.6.2.jar;C:\Users\danie\.m2\repository\org\apiguardian\apiguardian-api\1.1.0\apiguardian-api-1.1.0.jar;C:\Users\danie\.m2\repository\org\opentest4j\opentest4j\1.2.0\opentest4j-1.2.0.jar;C:\Users\danie\.m2\repository\org\junit\platform\junit-platform-commons\1.6.2\junit-platform-commons-1.6.2.jar;C:\Users\danie\.m2\repository\org\junit\jupiter\junit-jupiter-engine\5.6.2\junit-jupiter-engine-5.6.2.jar;C:\Users\danie\.m2\repository\org\junit\platform\junit-platform-engine\1.6.2\junit-platform-engine-1.6.2.jar;C:\Users\danie\.m2\repository\org\junit\jupiter\junit-jupiter-params\5.6.2\junit-jupiter-params-5.6.2.jar;"/>
    <property name="java.vm.vendor" value="Oracle Corporation"/>
    <property name="sun.arch.data.model" value="64"/>
    <property name="user.variant" value=""/>
    <property name="java.vendor.url" value="https://java.oracle.com/"/>
    <property name="user.timezone" value="Europe/Vienna"/>
    <property name="os.name" value="Windows 10"/>
    <property name="java.vm.specification.version" value="15"/>
    <property name="sun.java.launcher" value="SUN_STANDARD"/>
    <property name="user.country" value="AT"/>
    <property name="sun.boot.library.path" value="C:\Users\danie\.jdks\openjdk-15.0.2\bin"/>
    <property name="sun.java.command" value="C:\Users\danie\AppData\Local\Temp\surefire16984973510601589594\surefirebooter18040807327418137272.jar C:\Users\danie\AppData\Local\Temp\surefire16984973510601589594 2021-05-17T10-16-37_919-jvmRun1 surefire589105943428138715tmp surefire_0867729012365375632tmp"/>
    <property name="jdk.debug" value="release"/>
    <property name="surefire.test.class.path" value="C:\Users\danie\Desktop\Campus 02\2. Semester\Konfigurationsmanagement\UE\UE2\Konf_B20_Hollik_Feichtinger_Pock\target\test-classes;C:\Users\danie\Desktop\Campus 02\2. Semester\Konfigurationsmanagement\UE\UE2\Konf_B20_Hollik_Feichtinger_Pock\target\classes;C:\Users\danie\.m2\repository\org\junit\jupiter\junit-jupiter-api\5.6.2\junit-jupiter-api-5.6.2.jar;C:\Users\danie\.m2\repository\org\apiguardian\apiguardian-api\1.1.0\apiguardian-api-1.1.0.jar;C:\Users\danie\.m2\repository\org\opentest4j\opentest4j\1.2.0\opentest4j-1.2.0.jar;C:\Users\danie\.m2\repository\org\junit\platform\junit-platform-commons\1.6.2\junit-platform-commons-1.6.2.jar;C:\Users\danie\.m2\repository\org\junit\jupiter\junit-jupiter-engine\5.6.2\junit-jupiter-engine-5.6.2.jar;C:\Users\danie\.m2\repository\org\junit\platform\junit-platform-engine\1.6.2\junit-platform-engine-1.6.2.jar;C:\Users\danie\.m2\repository\org\junit\jupiter\junit-jupiter-params\5.6.2\junit-jupiter-params-5.6.2.jar;"/>
    <property name="sun.cpu.endian" value="little"/>
    <property name="user.home" value="C:\Users\danie"/>
    <property name="user.language" value="de"/>
    <property name="java.specification.vendor" value="Oracle Corporation"/>
    <property name="java.version.date" value="2021-01-19"/>
    <property name="java.home" value="C:\Users\danie\.jdks\openjdk-15.0.2"/>
    <property name="file.separator" value="\"/>
    <property name="basedir" value="C:\Users\danie\Desktop\Campus 02\2. Semester\Konfigurationsmanagement\UE\UE2\Konf_B20_Hollik_Feichtinger_Pock"/>
    <property name="java.vm.compressedOopsMode" value="Zero based"/>
    <property name="line.separator" value="&#10;"/>
    <property name="java.vm.specification.vendor" value="Oracle Corporation"/>
    <property name="java.specification.name" value="Java Platform API Specification"/>
    <property name="surefire.real.class.path" value="C:\Users\danie\AppData\Local\Temp\surefire16984973510601589594\surefirebooter18040807327418137272.jar"/>
    <property name="user.script" value=""/>
    <property name="sun.management.compiler" value="HotSpot 64-Bit Tiered Compilers"/>
    <property name="java.runtime.version" value="15.0.2+7-27"/>
    <property name="user.name" value="danie"/>
    <property name="path.separator" value=";"/>
    <property name="os.version" value="10.0"/>
    <property name="java.runtime.name" value="OpenJDK Runtime Environment"/>
    <property name="file.encoding" value="Cp1252"/>
    <property name="java.vm.name" value="OpenJDK 64-Bit Server VM"/>
    <property name="localRepository" value="C:\Users\danie\.m2\repository"/>
    <property name="java.vendor.url.bug" value="https://bugreport.java.com/bugreport/"/>
    <property name="java.io.tmpdir" value="C:\Users\danie\AppData\Local\Temp\"/>
    <property name="java.version" value="15.0.2"/>
    <property name="user.dir" value="C:\Users\danie\Desktop\Campus 02\2. Semester\Konfigurationsmanagement\UE\UE2\Konf_B20_Hollik_Feichtinger_Pock"/>
    <property name="os.arch" value="amd64"/>
    <property name="java.vm.specification.name" value="Java Virtual Machine Specification"/>
    <property name="sun.os.patch.level" value=""/>
    <property name="java.library.path" value="C:\Users\danie\.jdks\openjdk-15.0.2\bin;C:\WINDOWS\Sun\Java\bin;C:\WINDOWS\system32;C:\WINDOWS;C:\Users\danie\bin;C:\Program Files\Git\mingw64\bin;C:\Program Files\Git\usr\local\bin;C:\Program Files\Git\usr\bin;C:\Program Files\Git\usr\bin;C:\Program Files\Git\mingw64\bin;C:\Program Files\Git\usr\bin;C:\Users\danie\bin;C:\Program Files (x86)\Common Files\Oracle\Java\javapath;C:\WINDOWS\system32;C:\WINDOWS;C:\WINDOWS\System32\Wbem;C:\WINDOWS\System32\WindowsPowerShell\v1.0;C:\WINDOWS\System32\OpenSSH;C:\Program Files\TortoiseGit\bin;C:\Program Files\Git\cmd;%JAVA_HOME%\bin;C:\Program Files\apache-maven-3.8.1\bin;C:\Users\danie\AppData\Local\Microsoft\WindowsApps;C:\Users\danie\AppData\Local\atom\bin;C:\Users\danie\AppData\Local\Microsoft\WindowsApps;C:\Program Files\JetBrains\PhpStorm 2020.3.3\bin;C:\Program Files\Git\usr\bin\vendor_perl;C:\Program Files\Git\usr\bin\core_perl;."/>
    <property name="java.vm.info" value="mixed mode, sharing"/>
    <property name="java.vendor" value="Oracle Corporation"/>
    <property name="java.vm.version" value="15.0.2+7-27"/>
    <property name="sun.io.unicode.encoding" value="UnicodeLittle"/>
    <property name="java.class.version" value="59.0"/>
  </properties>
  <testcase name="isAlcoholicOfJuiceNonAlcoholicTest" classname="at.fhj.iit.JuiceTest" time="0"/>
  <testcase name="setMainIngredientTest" classname="at.fhj.iit.JuiceTest" time="0"/>
  <testcase name="getAlcoholPercentOfJuiceNotDilutedTest" classname="at.fhj.iit.JuiceTest" time="0"/>
  <testcase name="setSugarPercentTest" classname="at.fhj.iit.JuiceTest" time="0"/>
  <testcase name="getIsDilutedWithWaterTest" classname="at.fhj.iit.JuiceTest" time="0"/>
  <testcase name="informationToStringTest" classname="at.fhj.iit.JuiceTest" time="0.001"/>
  <testcase name="getVolumeOfJuiceTestNotDiluted" classname="at.fhj.iit.JuiceTest" time="0"/>
  <testcase name="getMainIngredientTest" classname="at.fhj.iit.JuiceTest" time="0"/>
  <testcase name="setIsDilutedWithWaterTest" classname="at.fhj.iit.JuiceTest" time="0"/>
  <testcase name="isAlcoholicOfJuiceAlcoholicTest" classname="at.fhj.iit.JuiceTest" time="0.001"/>
  <testcase name="getVolumeOfJuiceTestDiluted" classname="at.fhj.iit.JuiceTest" time="0"/>
  <testcase name="getAlcoholPercentOfJuiceDilutedTest" classname="at.fhj.iit.JuiceTest" time="0"/>
  <testcase name="getSugarPercentTest" classname="at.fhj.iit.JuiceTest" time="0"/>
</testsuite>